
4/13/2019 12:00:00 AM::CAI.UserEdit, Text: Editing Profile
4/13/2019 12:00:00 AM::MySql.Data.MySqlClient.MySqlException (0x80004005): Operand should contain 1 column(s)
   at MySql.Data.MySqlClient.MySqlStream.ReadPacket()
   at MySql.Data.MySqlClient.NativeDriver.GetResult(Int32& affectedRow, Int64& insertedId)
   at MySql.Data.MySqlClient.Driver.GetResult(Int32 statementId, Int32& affectedRows, Int64& insertedId)
   at MySql.Data.MySqlClient.Driver.NextResult(Int32 statementId, Boolean force)
   at MySql.Data.MySqlClient.MySqlDataReader.NextResult()
   at MySql.Data.MySqlClient.MySqlCommand.ExecuteReader(CommandBehavior behavior)
   at MySql.Data.MySqlClient.MySqlCommand.ExecuteReader()
   at CAI.UserEdit.fetchDetails() in C:\Users\Jorican\Documents\Freelance\BSU\CAI\CAI(SE)FINAL\CAI\Forms\User\UserEdit.vb:line 35
4/13/2019 12:00:00 AM::CAI.UserEdit, Text: Editing Profile
4/13/2019 12:00:00 AM::MySql.Data.MySqlClient.MySqlException (0x80004005): Unknown column 'updated_by_details.last_updated_by_id' in 'where clause'
   at MySql.Data.MySqlClient.MySqlStream.ReadPacket()
   at MySql.Data.MySqlClient.NativeDriver.GetResult(Int32& affectedRow, Int64& insertedId)
   at MySql.Data.MySqlClient.Driver.GetResult(Int32 statementId, Int32& affectedRows, Int64& insertedId)
   at MySql.Data.MySqlClient.Driver.NextResult(Int32 statementId, Boolean force)
   at MySql.Data.MySqlClient.MySqlDataReader.NextResult()
   at MySql.Data.MySqlClient.MySqlCommand.ExecuteReader(CommandBehavior behavior)
   at MySql.Data.MySqlClient.MySqlCommand.ExecuteReader()
   at CAI.UserEdit.fetchDetails() in C:\Users\Jorican\Documents\Freelance\BSU\CAI\CAI(SE)FINAL\CAI\Forms\User\UserEdit.vb:line 35