
4/12/2019 12:00:00 AM::CAI.Authentication, Text: Authentication
4/12/2019 12:00:00 AM::System.IO.PathTooLongException: The specified path, file name, or both are too long. The fully qualified file name must be less than 260 characters, and the directory name must be less than 248 characters.
   at System.IO.Path.LegacyNormalizePath(String path, Boolean fullCheck, Int32 maxPathLength, Boolean expandShortPaths)
   at System.IO.Path.NormalizePath(String path, Boolean fullCheck, Int32 maxPathLength, Boolean expandShortPaths)
   at System.IO.Path.GetFullPathInternal(String path)
   at System.IO.Path.GetFullPath(String path)
   at System.Drawing.IntSecurity.UnsafeGetFullPath(String fileName)
   at System.Drawing.IntSecurity.DemandReadFileIO(String fileName)
   at System.Drawing.Image.FromFile(String filename, Boolean useEmbeddedColorManagement)
   at System.Drawing.Image.FromFile(String filename)
   at CAI.StudentMain.loadUserDetails() in C:\Users\Jorican\Documents\Freelance\BSU\CAI\CAI(SE)FINAL\CAI\Forms\StudentMain.vb:line 113
   at CAI.StudentMain.StudentMain_Load(Object sender, EventArgs e) in C:\Users\Jorican\Documents\Freelance\BSU\CAI\CAI(SE)FINAL\CAI\Forms\StudentMain.vb:line 99
   at System.Windows.Forms.Form.OnLoad(EventArgs e)
   at System.Windows.Forms.Form.OnCreateControl()
   at System.Windows.Forms.Control.CreateControl(Boolean fIgnoreVisible)
   at System.Windows.Forms.Control.CreateControl()
   at System.Windows.Forms.Control.WmShowWindow(Message& m)
   at System.Windows.Forms.Control.WndProc(Message& m)
   at System.Windows.Forms.ScrollableControl.WndProc(Message& m)
   at System.Windows.Forms.Form.WmShowWindow(Message& m)
   at System.Windows.Forms.Form.WndProc(Message& m)
   at System.Windows.Forms.Control.ControlNativeWindow.OnMessage(Message& m)
   at System.Windows.Forms.Control.ControlNativeWindow.WndProc(Message& m)
   at System.Windows.Forms.NativeWindow.DebuggableCallback(IntPtr hWnd, Int32 msg, IntPtr wparam, IntPtr lparam)
   at System.Windows.Forms.UnsafeNativeMethods.SendMessage(HandleRef hWnd, Int32 msg, Int32 wParam, Int32 lParam)
   at System.Windows.Forms.Form.SetVisibleCore(Boolean value)
   at System.Windows.Forms.Control.set_Visible(Boolean value)
   at System.Windows.Forms.Application.ThreadContext.RunMessageLoopInner(Int32 reason, ApplicationContext context)
   at System.Windows.Forms.Application.ThreadContext.RunMessageLoop(Int32 reason, ApplicationContext context)
   at System.Windows.Forms.Application.RunDialog(Form form)
   at System.Windows.Forms.Form.ShowDialog(IWin32Window owner)
   at System.Windows.Forms.Form.ShowDialog()
   at CAI.Authentication.BTNCreate_Click(Object sender, EventArgs e) in C:\Users\Jorican\Documents\Freelance\BSU\CAI\CAI(SE)FINAL\CAI\Forms\Authentication.vb:line 130