
4/29/2019 12:00:00 AM::CAI.Authentication, Text: Authentication
4/29/2019 12:00:00 AM::System.InvalidOperationException: Connection must be valid and open.
   at MySql.Data.MySqlClient.MySqlCommand.CheckState()
   at MySql.Data.MySqlClient.MySqlCommand.ExecuteReader(CommandBehavior behavior)
   at MySql.Data.MySqlClient.MySqlCommand.ExecuteReader()
   at CAI.Authentication.BTNCreate_Click(Object sender, EventArgs e) in C:\Users\Jorican\Documents\Freelance\BSU\CAI\CAI(SE)FINAL\CAI\Forms\Authentication.vb:line 96
4/29/2019 12:00:00 AM::CAI.Authentication, Text: Authentication
4/29/2019 12:00:00 AM::System.InvalidOperationException: Connection must be valid and open.
   at MySql.Data.MySqlClient.MySqlCommand.CheckState()
   at MySql.Data.MySqlClient.MySqlCommand.ExecuteReader(CommandBehavior behavior)
   at MySql.Data.MySqlClient.MySqlCommand.ExecuteReader()
   at CAI.Authentication.BTNCreate_Click(Object sender, EventArgs e) in C:\Users\Jorican\Documents\Freelance\BSU\CAI\CAI(SE)FINAL\CAI\Forms\Authentication.vb:line 96
4/29/2019 12:00:00 AM::CAI.Authentication, Text: Authentication
4/29/2019 12:00:00 AM::System.InvalidOperationException: Connection must be valid and open.
   at MySql.Data.MySqlClient.MySqlCommand.CheckState()
   at MySql.Data.MySqlClient.MySqlCommand.ExecuteReader(CommandBehavior behavior)
   at MySql.Data.MySqlClient.MySqlCommand.ExecuteReader()
   at CAI.Authentication.BTNCreate_Click(Object sender, EventArgs e) in C:\Users\Jorican\Documents\Freelance\BSU\CAI\CAI(SE)FINAL\CAI\Forms\Authentication.vb:line 96
4/29/2019 12:00:00 AM::CAI.Authentication, Text: Authentication
4/29/2019 12:00:00 AM::System.InvalidOperationException: Connection must be valid and open.
   at MySql.Data.MySqlClient.MySqlCommand.CheckState()
   at MySql.Data.MySqlClient.MySqlCommand.ExecuteReader(CommandBehavior behavior)
   at MySql.Data.MySqlClient.MySqlCommand.ExecuteReader()
   at CAI.Authentication.BTNCreate_Click(Object sender, EventArgs e) in C:\Users\Jorican\Documents\Freelance\BSU\CAI\CAI(SE)FINAL\CAI\Forms\Authentication.vb:line 96
4/29/2019 12:00:00 AM::CAI.Authentication, Text: Authentication
4/29/2019 12:00:00 AM::System.InvalidOperationException: Connection must be valid and open.
   at MySql.Data.MySqlClient.MySqlCommand.CheckState()
   at MySql.Data.MySqlClient.MySqlCommand.ExecuteReader(CommandBehavior behavior)
   at MySql.Data.MySqlClient.MySqlCommand.ExecuteReader()
   at CAI.Authentication.BTNCreate_Click(Object sender, EventArgs e) in C:\Users\Jorican\Documents\Freelance\BSU\CAI\CAI(SE)FINAL\CAI\Forms\Authentication.vb:line 96
4/29/2019 12:00:00 AM::CAI.Authentication, Text: Authentication
4/29/2019 12:00:00 AM::System.InvalidOperationException: Connection must be valid and open.
   at MySql.Data.MySqlClient.MySqlCommand.CheckState()
   at MySql.Data.MySqlClient.MySqlCommand.ExecuteReader(CommandBehavior behavior)
   at MySql.Data.MySqlClient.MySqlCommand.ExecuteReader()
   at CAI.Authentication.BTNCreate_Click(Object sender, EventArgs e) in C:\Users\Jorican\Documents\Freelance\BSU\CAI\CAI(SE)FINAL\CAI\Forms\Authentication.vb:line 96
4/29/2019 12:00:00 AM::CAI.Authentication, Text: Authentication
4/29/2019 12:00:00 AM::System.InvalidOperationException: Connection must be valid and open.
   at MySql.Data.MySqlClient.MySqlCommand.CheckState()
   at MySql.Data.MySqlClient.MySqlCommand.ExecuteReader(CommandBehavior behavior)
   at MySql.Data.MySqlClient.MySqlCommand.ExecuteReader()
   at CAI.Authentication.BTNCreate_Click(Object sender, EventArgs e) in C:\Users\Jorican\Documents\Freelance\BSU\CAI\CAI(SE)FINAL\CAI\Forms\Authentication.vb:line 96