
4/24/2019 12:00:00 AM::MySql.Data.MySqlClient.MySqlException (0x80004005): You have an error in your SQL syntax; check the manual that corresponds to your MySQL server version for the right syntax to use near ')' at line 2
   at MySql.Data.MySqlClient.MySqlStream.ReadPacket()
   at MySql.Data.MySqlClient.NativeDriver.GetResult(Int32& affectedRow, Int64& insertedId)
   at MySql.Data.MySqlClient.Driver.GetResult(Int32 statementId, Int32& affectedRows, Int64& insertedId)
   at MySql.Data.MySqlClient.Driver.NextResult(Int32 statementId, Boolean force)
   at MySql.Data.MySqlClient.MySqlDataReader.NextResult()
   at MySql.Data.MySqlClient.MySqlCommand.ExecuteReader(CommandBehavior behavior)
   at MySql.Data.MySqlClient.MySqlCommand.ExecuteScalar()
   at CAI.ArhivingSelection.BTNArchive_Click(Object sender, EventArgs e) in C:\Users\Jorican\Documents\Freelance\BSU\CAI\CAI(SE)FINAL\CAI\Forms\Admin\ArhivingSelection.vb:line 70
4/24/2019 12:00:00 AM::CAI.ImageShower
4/24/2019 12:00:00 AM::System.Runtime.InteropServices.COMException (0x800A03EC): Exception from HRESULT: 0x800A03EC
   at Microsoft.Office.Interop.Excel.ApplicationClass.SaveWorkspace(Object Filename)
   at CAI.InstructorStudentResultViewer.SetupExcelFile() in C:\Users\Jorican\Documents\Freelance\BSU\CAI\CAI(SE)FINAL\CAI\Forms\TestManagement\InstructorStudentResultViewer.vb:line 106
   at CAI.InstructorStudentResultViewer.PrintResults(Object sender, EventArgs e) in C:\Users\Jorican\Documents\Freelance\BSU\CAI\CAI(SE)FINAL\CAI\Forms\TestManagement\InstructorStudentResultViewer.vb:line 113
   at System.Windows.Forms.Control.OnClick(EventArgs e)
   at System.Windows.Forms.Button.OnClick(EventArgs e)
   at System.Windows.Forms.Button.OnMouseUp(MouseEventArgs mevent)
   at System.Windows.Forms.Control.WmMouseUp(Message& m, MouseButtons button, Int32 clicks)
   at System.Windows.Forms.Control.WndProc(Message& m)
   at System.Windows.Forms.ButtonBase.WndProc(Message& m)
   at System.Windows.Forms.Button.WndProc(Message& m)
   at System.Windows.Forms.Control.ControlNativeWindow.OnMessage(Message& m)
   at System.Windows.Forms.Control.ControlNativeWindow.WndProc(Message& m)
   at System.Windows.Forms.NativeWindow.DebuggableCallback(IntPtr hWnd, Int32 msg, IntPtr wparam, IntPtr lparam)
   at System.Windows.Forms.UnsafeNativeMethods.DispatchMessageW(MSG& msg)
   at System.Windows.Forms.Application.ComponentManager.System.Windows.Forms.UnsafeNativeMethods.IMsoComponentManager.FPushMessageLoop(IntPtr dwComponentID, Int32 reason, Int32 pvLoopData)
   at System.Windows.Forms.Application.ThreadContext.RunMessageLoopInner(Int32 reason, ApplicationContext context)
   at System.Windows.Forms.Application.ThreadContext.RunMessageLoop(Int32 reason, ApplicationContext context)
   at System.Windows.Forms.Application.RunDialog(Form form)
   at System.Windows.Forms.Form.ShowDialog(IWin32Window owner)
   at System.Windows.Forms.Form.ShowDialog()
   at CAI.TestList.BTNStudentResults_Click(Object sender, EventArgs e) in C:\Users\Jorican\Documents\Freelance\BSU\CAI\CAI(SE)FINAL\CAI\Forms\TestManagement\TestList.vb:line 271
   at System.Windows.Forms.Control.OnClick(EventArgs e)
   at System.Windows.Forms.Button.OnClick(EventArgs e)
   at System.Windows.Forms.Button.OnMouseUp(MouseEventArgs mevent)
   at System.Windows.Forms.Control.WmMouseUp(Message& m, MouseButtons button, Int32 clicks)
   at System.Windows.Forms.Control.WndProc(Message& m)
   at System.Windows.Forms.ButtonBase.WndProc(Message& m)
   at System.Windows.Forms.Button.WndProc(Message& m)
   at System.Windows.Forms.Control.ControlNativeWindow.OnMessage(Message& m)
   at System.Windows.Forms.Control.ControlNativeWindow.WndProc(Message& m)
   at System.Windows.Forms.NativeWindow.DebuggableCallback(IntPtr hWnd, Int32 msg, IntPtr wparam, IntPtr lparam)
   at System.Windows.Forms.UnsafeNativeMethods.DispatchMessageW(MSG& msg)
   at System.Windows.Forms.Application.ComponentManager.System.Windows.Forms.UnsafeNativeMethods.IMsoComponentManager.FPushMessageLoop(IntPtr dwComponentID, Int32 reason, Int32 pvLoopData)
   at System.Windows.Forms.Application.ThreadContext.RunMessageLoopInner(Int32 reason, ApplicationContext context)
   at System.Windows.Forms.Application.ThreadContext.RunMessageLoop(Int32 reason, ApplicationContext context)
   at System.Windows.Forms.Application.RunDialog(Form form)
   at System.Windows.Forms.Form.ShowDialog(IWin32Window owner)
   at System.Windows.Forms.Form.ShowDialog()
   at CAI.AdminMainScreen.OnInstructorAction(Object sender, EventArgs e) in C:\Users\Jorican\Documents\Freelance\BSU\CAI\CAI(SE)FINAL\CAI\Forms\Admin\AdminMainScreen.vb:line 122
   at CAI.ImageShower.raise_OnClicked(Object sender, EventArgs e) in C:\Users\Jorican\Documents\Freelance\BSU\CAI\CAI(SE)FINAL\CAI\Com\ImageShower.vb:line 80